<?xml version="1.0" encoding="UTF-8"?>
<!-- Generated by org.testng.reporters.JUnitXMLReporter -->
<testsuite ignored="5" hostname="DESKTOP-QCI0279" failures="0" tests="1" name="Default test" time="6.881" errors="0" timestamp="2023-08-03T15:12:13 IST">
  <testcase classname="com.fsm.tests.EmployeeLoginPageTest" name="FSM_TC_Login_007" time="1.375"/>
  <testcase classname="com.fsm.tests.EmployeeLoginPageTest" name="FSM_TC_Login_002" time="0.0">
    <ignored/>
  </testcase> <!-- FSM_TC_Login_002 -->
  <testcase classname="com.fsm.tests.EmployeeLoginPageTest" name="FSM_TC_Login_006" time="0.0">
    <ignored/>
  </testcase> <!-- FSM_TC_Login_006 -->
  <testcase classname="com.fsm.tests.EmployeeLoginPageTest" name="FSM_TC_Login_004" time="0.0">
    <ignored/>
  </testcase> <!-- FSM_TC_Login_004 -->
  <testcase classname="com.fsm.tests.EmployeeLoginPageTest" name="FSM_TC_Login_005" time="0.0">
    <ignored/>
  </testcase> <!-- FSM_TC_Login_005 -->
  <testcase classname="com.fsm.tests.EmployeeLoginPageTest" name="FSM_TC_Login_003" time="0.0">
    <ignored/>
  </testcase> <!-- FSM_TC_Login_003 -->
</testsuite> <!-- Default test -->
